<?xml version="1.0" encoding="UTF-8"?>
<testng-results skipped="0" failed="2" ignored="1" total="10" passed="7">
  <reporter-output>
  </reporter-output>
  <suite name="Regression Suite" duration-ms="133398" started-at="2020-09-11T03:11:11 EEST" finished-at="2020-09-11T03:13:24 EEST">
    <groups>
      <group name="regression">
        <method signature="AddEmployeeWithDataProvider.addEmployee(java.lang.String, java.lang.String, java.lang.String, java.lang.String)[pri:0, instance:com.hrms.testcases.AddEmployeeWithDataProvider@305fd85d]" name="addEmployee" class="com.hrms.testcases.AddEmployeeWithDataProvider"/>
        <method signature="AddMultipleEmployee.addMultipleEmp()[pri:0, instance:com.hrms.testcases.AddMultipleEmployee@458c1321]" name="addMultipleEmp" class="com.hrms.testcases.AddMultipleEmployee"/>
        <method signature="LoginTest.invalidLogin(java.lang.String, java.lang.String, java.lang.String)[pri:0, instance:com.hrms.testcases.LoginTest@11438d26]" name="invalidLogin" class="com.hrms.testcases.LoginTest"/>
      </group> <!-- regression -->
    </groups>
    <test name="Regression Test" duration-ms="133398" started-at="2020-09-11T03:11:11 EEST" finished-at="2020-09-11T03:13:24 EEST">
      <class name="com.hrms.testcases.AddMultipleEmployee">
        <test-method status="PASS" signature="setUp()[pri:0, instance:com.hrms.testcases.AddMultipleEmployee@458c1321]" name="setUp" is-config="true" duration-ms="4966" started-at="2020-09-11T03:12:39 EEST" finished-at="2020-09-11T03:12:44 EEST">
          <reporter-output>
          </reporter-output>
        </test-method> <!-- setUp -->
        <test-method status="FAIL" signature="addMultipleEmp()[pri:0, instance:com.hrms.testcases.AddMultipleEmployee@458c1321]" name="addMultipleEmp" duration-ms="20947" started-at="2020-09-11T03:12:44 EEST" finished-at="2020-09-11T03:13:05 EEST">
          <exception class="org.openqa.selenium.NoSuchElementException">
            <message>
              <![CDATA[no such element: Unable to locate element: {"method":"xpath","selector":"//div[@id = 'profile-pic' ]/h1"}
  (Session info: chrome=85.0.4183.102)
For documentation on this error, please visit: https://www.seleniumhq.org/exceptions/no_such_element.html
Build info: version: '3.141.59', revision: 'e82be7d358', time: '2018-11-14T08:17:03'
System info: host: 'Alexandrs-MacBook-Air.local', ip: 'fe80:0:0:0:1c91:f1fe:6467:492%en0', os.name: 'Mac OS X', os.arch: 'x86_64', os.version: '10.12.6', java.version: '1.8.0_251'
Driver info: org.openqa.selenium.chrome.ChromeDriver
Capabilities {acceptInsecureCerts: false, browserName: chrome, browserVersion: 85.0.4183.102, chrome: {chromedriverVersion: 84.0.4147.30 (48b3e868b4cc0..., userDataDir: /var/folders/nl/dh9v0zpn6zv...}, goog:chromeOptions: {debuggerAddress: localhost:50567}, javascriptEnabled: true, networkConnectionEnabled: false, pageLoadStrategy: normal, platform: MAC, platformName: MAC, proxy: Proxy(), setWindowRect: true, strictFileInteractability: false, timeouts: {implicit: 0, pageLoad: 300000, script: 30000}, unhandledPromptBehavior: dismiss and notify, webauthn:virtualAuthenticators: true}
Session ID: 83be3af9859fcca1d88392ad9d4c3473
*** Element info: {Using=xpath, value=//div[@id = 'profile-pic' ]/h1}]]>
            </message>
            <full-stacktrace>
              <![CDATA[org.openqa.selenium.NoSuchElementException: no such element: Unable to locate element: {"method":"xpath","selector":"//div[@id = 'profile-pic' ]/h1"}
  (Session info: chrome=85.0.4183.102)
For documentation on this error, please visit: https://www.seleniumhq.org/exceptions/no_such_element.html
Build info: version: '3.141.59', revision: 'e82be7d358', time: '2018-11-14T08:17:03'
System info: host: 'Alexandrs-MacBook-Air.local', ip: 'fe80:0:0:0:1c91:f1fe:6467:492%en0', os.name: 'Mac OS X', os.arch: 'x86_64', os.version: '10.12.6', java.version: '1.8.0_251'
Driver info: org.openqa.selenium.chrome.ChromeDriver
Capabilities {acceptInsecureCerts: false, browserName: chrome, browserVersion: 85.0.4183.102, chrome: {chromedriverVersion: 84.0.4147.30 (48b3e868b4cc0..., userDataDir: /var/folders/nl/dh9v0zpn6zv...}, goog:chromeOptions: {debuggerAddress: localhost:50567}, javascriptEnabled: true, networkConnectionEnabled: false, pageLoadStrategy: normal, platform: MAC, platformName: MAC, proxy: Proxy(), setWindowRect: true, strictFileInteractability: false, timeouts: {implicit: 0, pageLoad: 300000, script: 30000}, unhandledPromptBehavior: dismiss and notify, webauthn:virtualAuthenticators: true}
Session ID: 83be3af9859fcca1d88392ad9d4c3473
*** Element info: {Using=xpath, value=//div[@id = 'profile-pic' ]/h1}
at sun.reflect.NativeConstructorAccessorImpl.newInstance0(Native Method)
at sun.reflect.NativeConstructorAccessorImpl.newInstance(NativeConstructorAccessorImpl.java:62)
at sun.reflect.DelegatingConstructorAccessorImpl.newInstance(DelegatingConstructorAccessorImpl.java:45)
at java.lang.reflect.Constructor.newInstance(Constructor.java:423)
at org.openqa.selenium.remote.http.W3CHttpResponseCodec.createException(W3CHttpResponseCodec.java:187)
at org.openqa.selenium.remote.http.W3CHttpResponseCodec.decode(W3CHttpResponseCodec.java:122)
at org.openqa.selenium.remote.http.W3CHttpResponseCodec.decode(W3CHttpResponseCodec.java:49)
at org.openqa.selenium.remote.HttpCommandExecutor.execute(HttpCommandExecutor.java:158)
at org.openqa.selenium.remote.service.DriverCommandExecutor.execute(DriverCommandExecutor.java:83)
at org.openqa.selenium.remote.RemoteWebDriver.execute(RemoteWebDriver.java:552)
at org.openqa.selenium.remote.RemoteWebDriver.findElement(RemoteWebDriver.java:323)
at org.openqa.selenium.remote.RemoteWebDriver.findElementByXPath(RemoteWebDriver.java:428)
at org.openqa.selenium.By$ByXPath.findElement(By.java:353)
at org.openqa.selenium.remote.RemoteWebDriver.findElement(RemoteWebDriver.java:315)
at org.openqa.selenium.support.pagefactory.DefaultElementLocator.findElement(DefaultElementLocator.java:69)
at org.openqa.selenium.support.pagefactory.internal.LocatingElementHandler.invoke(LocatingElementHandler.java:38)
at com.sun.proxy.$Proxy10.getText(Unknown Source)
at com.hrms.testcases.AddMultipleEmployee.addMultipleEmp(AddMultipleEmployee.java:42)
at sun.reflect.NativeMethodAccessorImpl.invoke0(Native Method)
at sun.reflect.NativeMethodAccessorImpl.invoke(NativeMethodAccessorImpl.java:62)
at sun.reflect.DelegatingMethodAccessorImpl.invoke(DelegatingMethodAccessorImpl.java:43)
at java.lang.reflect.Method.invoke(Method.java:498)
at org.testng.internal.MethodInvocationHelper.invokeMethod(MethodInvocationHelper.java:134)
at org.testng.internal.TestInvoker.invokeMethod(TestInvoker.java:597)
at org.testng.internal.TestInvoker.invokeTestMethod(TestInvoker.java:173)
at org.testng.internal.MethodRunner.runInSequence(MethodRunner.java:46)
at org.testng.internal.TestInvoker$MethodInvocationAgent.invoke(TestInvoker.java:816)
at org.testng.internal.TestInvoker.invokeTestMethods(TestInvoker.java:146)
at org.testng.internal.TestMethodWorker.invokeTestMethods(TestMethodWorker.java:146)
at org.testng.internal.TestMethodWorker.run(TestMethodWorker.java:128)
at java.util.ArrayList.forEach(ArrayList.java:1257)
at org.testng.TestRunner.privateRun(TestRunner.java:766)
at org.testng.TestRunner.run(TestRunner.java:587)
at org.testng.SuiteRunner.runTest(SuiteRunner.java:384)
at org.testng.SuiteRunner.runSequentially(SuiteRunner.java:378)
at org.testng.SuiteRunner.privateRun(SuiteRunner.java:337)
at org.testng.SuiteRunner.run(SuiteRunner.java:286)
at org.testng.SuiteRunnerWorker.runSuite(SuiteRunnerWorker.java:53)
at org.testng.SuiteRunnerWorker.run(SuiteRunnerWorker.java:96)
at org.testng.TestNG.runSuitesSequentially(TestNG.java:1187)
at org.testng.TestNG.runSuitesLocally(TestNG.java:1109)
at org.testng.TestNG.runSuites(TestNG.java:1039)
at org.testng.TestNG.run(TestNG.java:1007)
at org.testng.remote.AbstractRemoteTestNG.run(AbstractRemoteTestNG.java:115)
at org.testng.remote.RemoteTestNG.initAndRun(RemoteTestNG.java:251)
at org.testng.remote.RemoteTestNG.main(RemoteTestNG.java:77)
]]>
            </full-stacktrace>
          </exception> <!-- org.openqa.selenium.NoSuchElementException -->
          <reporter-output>
          </reporter-output>
        </test-method> <!-- addMultipleEmp -->
        <test-method status="PASS" signature="tearDown()[pri:0, instance:com.hrms.testcases.AddMultipleEmployee@458c1321]" name="tearDown" is-config="true" duration-ms="201" started-at="2020-09-11T03:13:05 EEST" finished-at="2020-09-11T03:13:06 EEST">
          <reporter-output>
          </reporter-output>
        </test-method> <!-- tearDown -->
      </class> <!-- com.hrms.testcases.AddMultipleEmployee -->
      <class name="com.hrms.testcases.LoginTest">
        <test-method status="PASS" signature="setUp()[pri:0, instance:com.hrms.testcases.LoginTest@11438d26]" name="setUp" is-config="true" duration-ms="5132" started-at="2020-09-11T03:13:06 EEST" finished-at="2020-09-11T03:13:11 EEST">
          <reporter-output>
          </reporter-output>
        </test-method> <!-- setUp -->
        <test-method status="PASS" signature="invalidLogin(java.lang.String, java.lang.String, java.lang.String)[pri:0, instance:com.hrms.testcases.LoginTest@11438d26]" name="invalidLogin" duration-ms="489" started-at="2020-09-11T03:13:11 EEST" data-provider="getData" finished-at="2020-09-11T03:13:11 EEST">
          <params>
            <param index="0">
              <value>
                <![CDATA[]]>
              </value>
            </param>
            <param index="1">
              <value>
                <![CDATA[Hum@nhrm123]]>
              </value>
            </param>
            <param index="2">
              <value>
                <![CDATA[Username cannot be empty]]>
              </value>
            </param>
          </params>
          <reporter-output>
          </reporter-output>
        </test-method> <!-- invalidLogin -->
        <test-method status="PASS" signature="tearDown()[pri:0, instance:com.hrms.testcases.LoginTest@11438d26]" name="tearDown" is-config="true" duration-ms="163" started-at="2020-09-11T03:13:12 EEST" finished-at="2020-09-11T03:13:12 EEST">
          <reporter-output>
          </reporter-output>
        </test-method> <!-- tearDown -->
        <test-method status="PASS" signature="setUp()[pri:0, instance:com.hrms.testcases.LoginTest@11438d26]" name="setUp" is-config="true" duration-ms="4660" started-at="2020-09-11T03:13:12 EEST" finished-at="2020-09-11T03:13:16 EEST">
          <reporter-output>
          </reporter-output>
        </test-method> <!-- setUp -->
        <test-method status="PASS" signature="invalidLogin(java.lang.String, java.lang.String, java.lang.String)[pri:0, instance:com.hrms.testcases.LoginTest@11438d26]" name="invalidLogin" duration-ms="420" started-at="2020-09-11T03:13:16 EEST" data-provider="getData" finished-at="2020-09-11T03:13:17 EEST">
          <params>
            <param index="0">
              <value>
                <![CDATA[Admin]]>
              </value>
            </param>
            <param index="1">
              <value>
                <![CDATA[]]>
              </value>
            </param>
            <param index="2">
              <value>
                <![CDATA[Password cannot be empty]]>
              </value>
            </param>
          </params>
          <reporter-output>
          </reporter-output>
        </test-method> <!-- invalidLogin -->
        <test-method status="PASS" signature="tearDown()[pri:0, instance:com.hrms.testcases.LoginTest@11438d26]" name="tearDown" is-config="true" duration-ms="206" started-at="2020-09-11T03:13:17 EEST" finished-at="2020-09-11T03:13:17 EEST">
          <reporter-output>
          </reporter-output>
        </test-method> <!-- tearDown -->
        <test-method status="PASS" signature="setUp()[pri:0, instance:com.hrms.testcases.LoginTest@11438d26]" name="setUp" is-config="true" duration-ms="4991" started-at="2020-09-11T03:13:17 EEST" finished-at="2020-09-11T03:13:22 EEST">
          <reporter-output>
          </reporter-output>
        </test-method> <!-- setUp -->
        <test-method status="PASS" signature="invalidLogin(java.lang.String, java.lang.String, java.lang.String)[pri:0, instance:com.hrms.testcases.LoginTest@11438d26]" name="invalidLogin" duration-ms="1158" started-at="2020-09-11T03:13:22 EEST" data-provider="getData" finished-at="2020-09-11T03:13:24 EEST">
          <params>
            <param index="0">
              <value>
                <![CDATA[Admin]]>
              </value>
            </param>
            <param index="1">
              <value>
                <![CDATA[wertyui12]]>
              </value>
            </param>
            <param index="2">
              <value>
                <![CDATA[Invalid credentials]]>
              </value>
            </param>
          </params>
          <reporter-output>
          </reporter-output>
        </test-method> <!-- invalidLogin -->
        <test-method status="PASS" signature="tearDown()[pri:0, instance:com.hrms.testcases.LoginTest@11438d26]" name="tearDown" is-config="true" duration-ms="146" started-at="2020-09-11T03:13:24 EEST" finished-at="2020-09-11T03:13:24 EEST">
          <reporter-output>
          </reporter-output>
        </test-method> <!-- tearDown -->
      </class> <!-- com.hrms.testcases.LoginTest -->
      <class name="com.hrms.testcases.AddEmployeeWithDataProvider">
        <test-method status="PASS" signature="setUp()[pri:0, instance:com.hrms.testcases.AddEmployeeWithDataProvider@305fd85d]" name="setUp" is-config="true" duration-ms="6916" started-at="2020-09-11T03:11:11 EEST" finished-at="2020-09-11T03:11:18 EEST">
          <reporter-output>
          </reporter-output>
        </test-method> <!-- setUp -->
        <test-method status="PASS" signature="addEmployee(java.lang.String, java.lang.String, java.lang.String, java.lang.String)[pri:0, instance:com.hrms.testcases.AddEmployeeWithDataProvider@305fd85d]" name="addEmployee" duration-ms="12295" started-at="2020-09-11T03:11:18 EEST" data-provider="getUserAddingData" finished-at="2020-09-11T03:11:30 EEST">
          <params>
            <param index="0">
              <value>
                <![CDATA[Nazaret]]>
              </value>
            </param>
            <param index="1">
              <value>
                <![CDATA[Sarkisyan]]>
              </value>
            </param>
            <param index="2">
              <value>
                <![CDATA[NazaretS4z11]]>
              </value>
            </param>
            <param index="3">
              <value>
                <![CDATA[G'<r$6%#Nv]]>
              </value>
            </param>
          </params>
          <reporter-output>
          </reporter-output>
        </test-method> <!-- addEmployee -->
        <test-method status="PASS" signature="tearDown()[pri:0, instance:com.hrms.testcases.AddEmployeeWithDataProvider@305fd85d]" name="tearDown" is-config="true" duration-ms="256" started-at="2020-09-11T03:11:30 EEST" finished-at="2020-09-11T03:11:30 EEST">
          <reporter-output>
          </reporter-output>
        </test-method> <!-- tearDown -->
        <test-method status="PASS" signature="setUp()[pri:0, instance:com.hrms.testcases.AddEmployeeWithDataProvider@305fd85d]" name="setUp" is-config="true" duration-ms="5086" started-at="2020-09-11T03:11:30 EEST" finished-at="2020-09-11T03:11:36 EEST">
          <reporter-output>
          </reporter-output>
        </test-method> <!-- setUp -->
        <test-method status="PASS" signature="addEmployee(java.lang.String, java.lang.String, java.lang.String, java.lang.String)[pri:0, instance:com.hrms.testcases.AddEmployeeWithDataProvider@305fd85d]" name="addEmployee" duration-ms="12407" started-at="2020-09-11T03:11:36 EEST" data-provider="getUserAddingData" finished-at="2020-09-11T03:11:48 EEST">
          <params>
            <param index="0">
              <value>
                <![CDATA[Nerses]]>
              </value>
            </param>
            <param index="1">
              <value>
                <![CDATA[Vartanian]]>
              </value>
            </param>
            <param index="2">
              <value>
                <![CDATA[Nersesw1e2]]>
              </value>
            </param>
            <param index="3">
              <value>
                <![CDATA[fJ?8V\!p\#]]>
              </value>
            </param>
          </params>
          <reporter-output>
          </reporter-output>
        </test-method> <!-- addEmployee -->
        <test-method status="PASS" signature="tearDown()[pri:0, instance:com.hrms.testcases.AddEmployeeWithDataProvider@305fd85d]" name="tearDown" is-config="true" duration-ms="189" started-at="2020-09-11T03:11:48 EEST" finished-at="2020-09-11T03:11:49 EEST">
          <reporter-output>
          </reporter-output>
        </test-method> <!-- tearDown -->
        <test-method status="PASS" signature="setUp()[pri:0, instance:com.hrms.testcases.AddEmployeeWithDataProvider@305fd85d]" name="setUp" is-config="true" duration-ms="4499" started-at="2020-09-11T03:11:49 EEST" finished-at="2020-09-11T03:11:53 EEST">
          <reporter-output>
          </reporter-output>
        </test-method> <!-- setUp -->
        <test-method status="PASS" signature="addEmployee(java.lang.String, java.lang.String, java.lang.String, java.lang.String)[pri:0, instance:com.hrms.testcases.AddEmployeeWithDataProvider@305fd85d]" name="addEmployee" duration-ms="9101" started-at="2020-09-11T03:11:53 EEST" data-provider="getUserAddingData" finished-at="2020-09-11T03:12:02 EEST">
          <params>
            <param index="0">
              <value>
                <![CDATA[Hakob]]>
              </value>
            </param>
            <param index="1">
              <value>
                <![CDATA[Davidyan]]>
              </value>
            </param>
            <param index="2">
              <value>
                <![CDATA[Hakobx1tr3]]>
              </value>
            </param>
            <param index="3">
              <value>
                <![CDATA[hPF@$S3&7*]]>
              </value>
            </param>
          </params>
          <reporter-output>
          </reporter-output>
        </test-method> <!-- addEmployee -->
        <test-method status="PASS" signature="tearDown()[pri:0, instance:com.hrms.testcases.AddEmployeeWithDataProvider@305fd85d]" name="tearDown" is-config="true" duration-ms="217" started-at="2020-09-11T03:12:02 EEST" finished-at="2020-09-11T03:12:03 EEST">
          <reporter-output>
          </reporter-output>
        </test-method> <!-- tearDown -->
        <test-method status="PASS" signature="setUp()[pri:0, instance:com.hrms.testcases.AddEmployeeWithDataProvider@305fd85d]" name="setUp" is-config="true" duration-ms="5014" started-at="2020-09-11T03:12:03 EEST" finished-at="2020-09-11T03:12:08 EEST">
          <reporter-output>
          </reporter-output>
        </test-method> <!-- setUp -->
        <test-method status="FAIL" signature="addEmployee(java.lang.String, java.lang.String, java.lang.String, java.lang.String)[pri:0, instance:com.hrms.testcases.AddEmployeeWithDataProvider@305fd85d]" name="addEmployee" duration-ms="15835" started-at="2020-09-11T03:12:08 EEST" data-provider="getUserAddingData" finished-at="2020-09-11T03:12:24 EEST">
          <params>
            <param index="0">
              <value>
                <![CDATA[Taline]]>
              </value>
            </param>
            <param index="1">
              <value>
                <![CDATA[Kevorkian]]>
              </value>
            </param>
            <param index="2">
              <value>
                <![CDATA[Talined1674]]>
              </value>
            </param>
            <param index="3">
              <value>
                <![CDATA[@#;*_8gdB*g]]>
              </value>
            </param>
          </params>
          <exception class="org.openqa.selenium.NoSuchElementException">
            <message>
              <![CDATA[no such element: Unable to locate element: {"method":"xpath","selector":"//input[@id = 'firstName']"}
  (Session info: chrome=85.0.4183.102)
For documentation on this error, please visit: https://www.seleniumhq.org/exceptions/no_such_element.html
Build info: version: '3.141.59', revision: 'e82be7d358', time: '2018-11-14T08:17:03'
System info: host: 'Alexandrs-MacBook-Air.local', ip: 'fe80:0:0:0:1c91:f1fe:6467:492%en0', os.name: 'Mac OS X', os.arch: 'x86_64', os.version: '10.12.6', java.version: '1.8.0_251'
Driver info: org.openqa.selenium.chrome.ChromeDriver
Capabilities {acceptInsecureCerts: false, browserName: chrome, browserVersion: 85.0.4183.102, chrome: {chromedriverVersion: 84.0.4147.30 (48b3e868b4cc0..., userDataDir: /var/folders/nl/dh9v0zpn6zv...}, goog:chromeOptions: {debuggerAddress: localhost:50513}, javascriptEnabled: true, networkConnectionEnabled: false, pageLoadStrategy: normal, platform: MAC, platformName: MAC, proxy: Proxy(), setWindowRect: true, strictFileInteractability: false, timeouts: {implicit: 0, pageLoad: 300000, script: 30000}, unhandledPromptBehavior: dismiss and notify, webauthn:virtualAuthenticators: true}
Session ID: 27cd3c3b383833989440ee48729f4b24
*** Element info: {Using=xpath, value=//input[@id = 'firstName']}]]>
            </message>
            <full-stacktrace>
              <![CDATA[org.openqa.selenium.NoSuchElementException: no such element: Unable to locate element: {"method":"xpath","selector":"//input[@id = 'firstName']"}
  (Session info: chrome=85.0.4183.102)
For documentation on this error, please visit: https://www.seleniumhq.org/exceptions/no_such_element.html
Build info: version: '3.141.59', revision: 'e82be7d358', time: '2018-11-14T08:17:03'
System info: host: 'Alexandrs-MacBook-Air.local', ip: 'fe80:0:0:0:1c91:f1fe:6467:492%en0', os.name: 'Mac OS X', os.arch: 'x86_64', os.version: '10.12.6', java.version: '1.8.0_251'
Driver info: org.openqa.selenium.chrome.ChromeDriver
Capabilities {acceptInsecureCerts: false, browserName: chrome, browserVersion: 85.0.4183.102, chrome: {chromedriverVersion: 84.0.4147.30 (48b3e868b4cc0..., userDataDir: /var/folders/nl/dh9v0zpn6zv...}, goog:chromeOptions: {debuggerAddress: localhost:50513}, javascriptEnabled: true, networkConnectionEnabled: false, pageLoadStrategy: normal, platform: MAC, platformName: MAC, proxy: Proxy(), setWindowRect: true, strictFileInteractability: false, timeouts: {implicit: 0, pageLoad: 300000, script: 30000}, unhandledPromptBehavior: dismiss and notify, webauthn:virtualAuthenticators: true}
Session ID: 27cd3c3b383833989440ee48729f4b24
*** Element info: {Using=xpath, value=//input[@id = 'firstName']}
at sun.reflect.NativeConstructorAccessorImpl.newInstance0(Native Method)
at sun.reflect.NativeConstructorAccessorImpl.newInstance(NativeConstructorAccessorImpl.java:62)
at sun.reflect.DelegatingConstructorAccessorImpl.newInstance(DelegatingConstructorAccessorImpl.java:45)
at java.lang.reflect.Constructor.newInstance(Constructor.java:423)
at org.openqa.selenium.remote.http.W3CHttpResponseCodec.createException(W3CHttpResponseCodec.java:187)
at org.openqa.selenium.remote.http.W3CHttpResponseCodec.decode(W3CHttpResponseCodec.java:122)
at org.openqa.selenium.remote.http.W3CHttpResponseCodec.decode(W3CHttpResponseCodec.java:49)
at org.openqa.selenium.remote.HttpCommandExecutor.execute(HttpCommandExecutor.java:158)
at org.openqa.selenium.remote.service.DriverCommandExecutor.execute(DriverCommandExecutor.java:83)
at org.openqa.selenium.remote.RemoteWebDriver.execute(RemoteWebDriver.java:552)
at org.openqa.selenium.remote.RemoteWebDriver.findElement(RemoteWebDriver.java:323)
at org.openqa.selenium.remote.RemoteWebDriver.findElementByXPath(RemoteWebDriver.java:428)
at org.openqa.selenium.By$ByXPath.findElement(By.java:353)
at org.openqa.selenium.remote.RemoteWebDriver.findElement(RemoteWebDriver.java:315)
at org.openqa.selenium.support.pagefactory.DefaultElementLocator.findElement(DefaultElementLocator.java:69)
at org.openqa.selenium.support.pagefactory.internal.LocatingElementHandler.invoke(LocatingElementHandler.java:38)
at com.sun.proxy.$Proxy10.clear(Unknown Source)
at com.hrms.utils.CommonMethods.sendText(CommonMethods.java:30)
at com.hrms.testcases.AddEmployeeWithDataProvider.addEmployee(AddEmployeeWithDataProvider.java:22)
at sun.reflect.NativeMethodAccessorImpl.invoke0(Native Method)
at sun.reflect.NativeMethodAccessorImpl.invoke(NativeMethodAccessorImpl.java:62)
at sun.reflect.DelegatingMethodAccessorImpl.invoke(DelegatingMethodAccessorImpl.java:43)
at java.lang.reflect.Method.invoke(Method.java:498)
at org.testng.internal.MethodInvocationHelper.invokeMethod(MethodInvocationHelper.java:134)
at org.testng.internal.TestInvoker.invokeMethod(TestInvoker.java:597)
at org.testng.internal.TestInvoker.invokeTestMethod(TestInvoker.java:173)
at org.testng.internal.MethodRunner.runInSequence(MethodRunner.java:46)
at org.testng.internal.TestInvoker$MethodInvocationAgent.invoke(TestInvoker.java:816)
at org.testng.internal.TestInvoker.invokeTestMethods(TestInvoker.java:146)
at org.testng.internal.TestMethodWorker.invokeTestMethods(TestMethodWorker.java:146)
at org.testng.internal.TestMethodWorker.run(TestMethodWorker.java:128)
at java.util.ArrayList.forEach(ArrayList.java:1257)
at org.testng.TestRunner.privateRun(TestRunner.java:766)
at org.testng.TestRunner.run(TestRunner.java:587)
at org.testng.SuiteRunner.runTest(SuiteRunner.java:384)
at org.testng.SuiteRunner.runSequentially(SuiteRunner.java:378)
at org.testng.SuiteRunner.privateRun(SuiteRunner.java:337)
at org.testng.SuiteRunner.run(SuiteRunner.java:286)
at org.testng.SuiteRunnerWorker.runSuite(SuiteRunnerWorker.java:53)
at org.testng.SuiteRunnerWorker.run(SuiteRunnerWorker.java:96)
at org.testng.TestNG.runSuitesSequentially(TestNG.java:1187)
at org.testng.TestNG.runSuitesLocally(TestNG.java:1109)
at org.testng.TestNG.runSuites(TestNG.java:1039)
at org.testng.TestNG.run(TestNG.java:1007)
at org.testng.remote.AbstractRemoteTestNG.run(AbstractRemoteTestNG.java:115)
at org.testng.remote.RemoteTestNG.initAndRun(RemoteTestNG.java:251)
at org.testng.remote.RemoteTestNG.main(RemoteTestNG.java:77)
]]>
            </full-stacktrace>
          </exception> <!-- org.openqa.selenium.NoSuchElementException -->
          <reporter-output>
          </reporter-output>
        </test-method> <!-- addEmployee -->
        <test-method status="PASS" signature="tearDown()[pri:0, instance:com.hrms.testcases.AddEmployeeWithDataProvider@305fd85d]" name="tearDown" is-config="true" duration-ms="163" started-at="2020-09-11T03:12:24 EEST" finished-at="2020-09-11T03:12:24 EEST">
          <reporter-output>
          </reporter-output>
        </test-method> <!-- tearDown -->
        <test-method status="PASS" signature="setUp()[pri:0, instance:com.hrms.testcases.AddEmployeeWithDataProvider@305fd85d]" name="setUp" is-config="true" duration-ms="5246" started-at="2020-09-11T03:12:24 EEST" finished-at="2020-09-11T03:12:29 EEST">
          <reporter-output>
          </reporter-output>
        </test-method> <!-- setUp -->
        <test-method status="PASS" signature="addEmployee(java.lang.String, java.lang.String, java.lang.String, java.lang.String)[pri:0, instance:com.hrms.testcases.AddEmployeeWithDataProvider@305fd85d]" name="addEmployee" duration-ms="9364" started-at="2020-09-11T03:12:29 EEST" data-provider="getUserAddingData" finished-at="2020-09-11T03:12:39 EEST">
          <params>
            <param index="0">
              <value>
                <![CDATA[Lucine]]>
              </value>
            </param>
            <param index="1">
              <value>
                <![CDATA[Mooshian]]>
              </value>
            </param>
            <param index="2">
              <value>
                <![CDATA[LucineE25Rt415]]>
              </value>
            </param>
            <param index="3">
              <value>
                <![CDATA[&'njM4^gW2]]>
              </value>
            </param>
          </params>
          <reporter-output>
          </reporter-output>
        </test-method> <!-- addEmployee -->
        <test-method status="PASS" signature="tearDown()[pri:0, instance:com.hrms.testcases.AddEmployeeWithDataProvider@305fd85d]" name="tearDown" is-config="true" duration-ms="161" started-at="2020-09-11T03:12:39 EEST" finished-at="2020-09-11T03:12:39 EEST">
          <reporter-output>
          </reporter-output>
        </test-method> <!-- tearDown -->
      </class> <!-- com.hrms.testcases.AddEmployeeWithDataProvider -->
    </test> <!-- Regression Test -->
  </suite> <!-- Regression Suite -->
</testng-results>
